CallKit/build/intermediates/manifest_merge_blame_file/release/manifest-merger-blame-release-report.txt
1<?xml version="1.0" encoding="utf-8"?>
2<manifest xmlns:android="http://schemas.android.com/apk/res/android"
3    package="io.rong.callkit"
4    android:versionCode="1"
5    android:versionName="2.9.22 release" >
6
7    <uses-sdk
8        android:minSdkVersion="16"
8-->src\main\AndroidManifest.xml
9        android:targetSdkVersion="28" />
9-->src\main\AndroidManifest.xml
10
11    <uses-permission android:name="android.permission.MODIFY_AUDIO_SETTINGS" />
11-->src\main\AndroidManifest.xml:6:5-80
11-->src\main\AndroidManifest.xml:6:22-77
12    <uses-permission android:name="android.permission.BLUETOOTH_ADMIN" />
12-->src\main\AndroidManifest.xml:7:5-74
12-->src\main\AndroidManifest.xml:7:22-71
13    <uses-permission android:name="android.permission.BLUETOOTH" />
13-->src\main\AndroidManifest.xml:8:5-68
13-->src\main\AndroidManifest.xml:8:22-65
14    <uses-permission android:name="android.permission.PROCESS_OUTGOING_CALLS" />
14-->src\main\AndroidManifest.xml:9:5-81
14-->src\main\AndroidManifest.xml:9:22-78
15    <uses-permission android:name="android.permission.INTERACT_ACROSS_USERS_FULL" />
15-->src\main\AndroidManifest.xml:10:5-85
15-->src\main\AndroidManifest.xml:10:22-82
16    <uses-permission android:name="android.permission.SYSTEM_ALERT_WINDOW" />
16-->src\main\AndroidManifest.xml:11:5-78
16-->src\main\AndroidManifest.xml:11:22-75
17    <uses-permission android:name="android.permission.WRITE_EXTERNAL_STORAGE" />
17-->src\main\AndroidManifest.xml:12:5-81
17-->src\main\AndroidManifest.xml:12:22-78
18    <uses-permission android:name="android.permission.READ_PHONE_STATE" />
18-->src\main\AndroidManifest.xml:13:5-75
18-->src\main\AndroidManifest.xml:13:22-72
19    <uses-permission android:name="android.permission.READ_EXTERNAL_STORAGE" />
19-->src\main\AndroidManifest.xml:14:5-80
19-->src\main\AndroidManifest.xml:14:22-77
20
21    <application>
21-->src\main\AndroidManifest.xml:17:5-65:19
22
23        <!-- new voip config start -->
24        <activity
24-->src\main\AndroidManifest.xml:20:9-31:20
25            android:name="io.rong.callkit.MultiVideoCallActivity"
25-->src\main\AndroidManifest.xml:21:13-51
26            android:exported="true"
26-->src\main\AndroidManifest.xml:22:13-36
27            android:launchMode="singleTop"
27-->src\main\AndroidManifest.xml:23:13-43
28            android:screenOrientation="portrait"
28-->src\main\AndroidManifest.xml:24:13-49
29            android:windowSoftInputMode="stateHidden|adjustResize" >
29-->src\main\AndroidManifest.xml:25:13-67
30            <intent-filter>
30-->src\main\AndroidManifest.xml:26:13-30:29
31                <action android:name="io.rong.intent.action.voip.MULTIVIDEO" />
31-->src\main\AndroidManifest.xml:27:17-80
31-->src\main\AndroidManifest.xml:27:25-77
32
33                <category android:name="android.intent.category.DEFAULT" />
33-->src\main\AndroidManifest.xml:29:17-76
33-->src\main\AndroidManifest.xml:29:27-73
34            </intent-filter>
35        </activity>
36        <activity
36-->src\main\AndroidManifest.xml:32:9-48:20
37            android:name="io.rong.callkit.SingleCallActivity"
37-->src\main\AndroidManifest.xml:33:13-47
38            android:exported="true"
38-->src\main\AndroidManifest.xml:34:13-36
39            android:launchMode="singleTop"
39-->src\main\AndroidManifest.xml:35:13-43
40            android:screenOrientation="portrait"
40-->src\main\AndroidManifest.xml:36:13-49
41            android:windowSoftInputMode="stateHidden|adjustResize" >
41-->src\main\AndroidManifest.xml:37:13-67
42            <intent-filter>
42-->src\main\AndroidManifest.xml:38:13-42:29
43                <action android:name="io.rong.intent.action.voip.SINGLEVIDEO" />
43-->src\main\AndroidManifest.xml:39:17-81
43-->src\main\AndroidManifest.xml:39:25-78
44
45                <category android:name="android.intent.category.DEFAULT" />
45-->src\main\AndroidManifest.xml:29:17-76
45-->src\main\AndroidManifest.xml:29:27-73
46            </intent-filter>
47            <intent-filter>
47-->src\main\AndroidManifest.xml:43:13-47:29
48                <action android:name="io.rong.intent.action.voip.SINGLEAUDIO" />
48-->src\main\AndroidManifest.xml:44:17-81
48-->src\main\AndroidManifest.xml:44:25-78
49
50                <category android:name="android.intent.category.DEFAULT" />
50-->src\main\AndroidManifest.xml:29:17-76
50-->src\main\AndroidManifest.xml:29:27-73
51            </intent-filter>
52        </activity>
53        <activity
53-->src\main\AndroidManifest.xml:49:9-60:20
54            android:name="io.rong.callkit.MultiAudioCallActivity"
54-->src\main\AndroidManifest.xml:50:13-51
55            android:exported="true"
55-->src\main\AndroidManifest.xml:51:13-36
56            android:launchMode="singleTop"
56-->src\main\AndroidManifest.xml:52:13-43
57            android:screenOrientation="portrait"
57-->src\main\AndroidManifest.xml:53:13-49
58            android:windowSoftInputMode="stateHidden|adjustResize" >
58-->src\main\AndroidManifest.xml:54:13-67
59            <intent-filter>
59-->src\main\AndroidManifest.xml:55:13-59:29
60                <action android:name="io.rong.intent.action.voip.MULTIAUDIO" />
60-->src\main\AndroidManifest.xml:56:17-80
60-->src\main\AndroidManifest.xml:56:25-77
61
62                <category android:name="android.intent.category.DEFAULT" />
62-->src\main\AndroidManifest.xml:29:17-76
62-->src\main\AndroidManifest.xml:29:27-73
63            </intent-filter>
64        </activity>
65
66        <!-- new voip config end -->
67
68        <activity android:name="io.rong.callkit.CallSelectMemberActivity" />
68-->src\main\AndroidManifest.xml:64:9-71
68-->src\main\AndroidManifest.xml:64:19-59
69    </application>
70
71</manifest>